Base path: 'C:/Program Files/Unity/Hub/Editor/2019.3.5f1/Editor/Data', plugins path 'C:/Program Files/Unity/Hub/Editor/2019.3.5f1/Editor/Data/PlaybackEngines'
Cmd: initializeCompiler
Cmd: compileComputeKernel
  api=4 insize=7570 outsize=583 ok=1
Cmd: compileComputeKernel
  api=4 insize=22438 outsize=21741 ok=1
Cmd: compileComputeKernel
  api=4 insize=4026 outsize=885 ok=1
Cmd: compileComputeKernel
  api=4 insize=2673 outsize=2186 ok=1
Cmd: compileComputeKernel
  api=4 insize=10384 outsize=741074 ok=1
Cmd: compileComputeKernel
  api=4 insize=10868 outsize=4534 ok=1
Cmd: compileComputeKernel
  api=4 insize=40246 outsize=34940 ok=1
Cmd: compileComputeKernel
  api=4 insize=40246 outsize=39367 ok=1
Cmd: compileComputeKernel
  api=4 insize=22295 outsize=15432 ok=1
Cmd: compileComputeKernel
  api=4 insize=8233 outsize=317 ok=1
Cmd: compileComputeKernel
  api=4 insize=20116 outsize=785 ok=1
Cmd: compileComputeKernel
  api=4 insize=5168 outsize=1174 ok=1
Cmd: compileComputeKernel
  api=4 insize=26542 outsize=16121 ok=1
Cmd: compileComputeKernel
  api=4 insize=15784 outsize=95677 ok=1
Cmd: compileComputeKernel
  api=4 insize=15784 outsize=43283 ok=1
Cmd: compileComputeKernel
  api=4 insize=15784 outsize=45984 ok=1
Cmd: compileComputeKernel
  api=4 insize=15784 outsize=45840 ok=1
Cmd: compileComputeKernel
  api=4 insize=3697 outsize=3162 ok=1
Cmd: compileComputeKernel
  api=4 insize=26999 outsize=789 ok=1
Cmd: compileComputeKernel
  api=4 insize=12177 outsize=953 ok=1
Cmd: compileComputeKernel
  api=4 insize=3447 outsize=2127 ok=1
Cmd: compileComputeKernel
  api=4 insize=11045 outsize=1413 ok=1
Cmd: compileSnippet
  api=4 type=0 insize=6897 outsize=810 kw=UNITY_PASS_SHADOWCASTER pd=UNITY_ENABLE_REFLECTION_BUFFERS UNITY_USE_DITHER_MASK_FOR_ALPHABLENDED_SHADOWS UNITY_PBS_USE_BRDF1 UNITY_SPECCUBE_BOX_PROJECTION UNITY_SPECCUBE_BLENDING UNITY_ENABLE_DETAIL_NORMALMAP SHADER_API_DESKTOP UNITY_LIGHT_PROBE_PROXY_VOLUME UNITY_LIGHTMAP_FULL_HDR ok=1
Cmd: compileSnippet
  api=4 type=1 insize=7868 outsize=5598 kw=DECALS_3RT pd=UNITY_ENABLE_REFLECTION_BUFFERS UNITY_USE_DITHER_MASK_FOR_ALPHABLENDED_SHADOWS UNITY_PBS_USE_BRDF1 UNITY_SPECCUBE_BOX_PROJECTION UNITY_SPECCUBE_BLENDING UNITY_ENABLE_DETAIL_NORMALMAP SHADER_API_DESKTOP UNITY_LIGHT_PROBE_PROXY_VOLUME UNITY_LIGHTMAP_FULL_HDR ok=1
Cmd: compileSnippet
  api=4 type=0 insize=12303 outsize=3602 kw= pd=UNITY_ENABLE_REFLECTION_BUFFERS UNITY_USE_DITHER_MASK_FOR_ALPHABLENDED_SHADOWS UNITY_PBS_USE_BRDF1 UNITY_SPECCUBE_BOX_PROJECTION UNITY_SPECCUBE_BLENDING UNITY_ENABLE_DETAIL_NORMALMAP SHADER_API_DESKTOP UNITY_LIGHT_PROBE_PROXY_VOLUME UNITY_LIGHTMAP_FULL_HDR ok=1

Quitting shader compiler process
